C:\USERS\SH\CG-PACKAGE\CG STARTUP\CG TASKS\CG TASKS\DEBUG\ALGORITHM.OBJ
C:\USERS\SH\CG-PACKAGE\CG STARTUP\CG TASKS\CG TASKS\DEBUG\CG TASKS.EXE.EMBED.MANIFEST
C:\USERS\SH\CG-PACKAGE\CG STARTUP\CG TASKS\CG TASKS\DEBUG\CG TASKS.EXE.EMBED.MANIFEST.RES
C:\Users\Sh\CG-Package\CG startup\CG tasks\CG tasks\Debug\CG tasks.exe.intermediate.manifest
C:\Users\Sh\CG-Package\CG startup\CG tasks\CG tasks\Debug\CG tasks_manifest.rc
C:\Users\Sh\CG-Package\CG startup\CG tasks\CG tasks\Debug\cl.command.1.tlog
C:\Users\Sh\CG-Package\CG startup\CG tasks\CG tasks\Debug\CL.read.1.tlog
C:\Users\Sh\CG-Package\CG startup\CG tasks\CG tasks\Debug\CL.write.1.tlog
C:\USERS\SH\CG-PACKAGE\CG STARTUP\CG TASKS\CG TASKS\DEBUG\DRIVER.OBJ
C:\Users\Sh\CG-Package\CG startup\CG tasks\CG tasks\Debug\link.10196.read.1.tlog
C:\Users\Sh\CG-Package\CG startup\CG tasks\CG tasks\Debug\link.10196.write.1.tlog
C:\Users\Sh\CG-Package\CG startup\CG tasks\CG tasks\Debug\link.10196-cvtres.read.1.tlog
C:\Users\Sh\CG-Package\CG startup\CG tasks\CG tasks\Debug\link.10196-cvtres.write.1.tlog
C:\Users\Sh\CG-Package\CG startup\CG tasks\CG tasks\Debug\link.10312.read.1.tlog
C:\Users\Sh\CG-Package\CG startup\CG tasks\CG tasks\Debug\link.10312.write.1.tlog
C:\Users\Sh\CG-Package\CG startup\CG tasks\CG tasks\Debug\link.10312-cvtres.read.1.tlog
C:\Users\Sh\CG-Package\CG startup\CG tasks\CG tasks\Debug\link.10312-cvtres.write.1.tlog
C:\Users\Sh\CG-Package\CG startup\CG tasks\CG tasks\Debug\link.10404.read.1.tlog
C:\Users\Sh\CG-Package\CG startup\CG tasks\CG tasks\Debug\link.10404.write.1.tlog
C:\Users\Sh\CG-Package\CG startup\CG tasks\CG tasks\Debug\link.10404-cvtres.read.1.tlog
C:\Users\Sh\CG-Package\CG startup\CG tasks\CG tasks\Debug\link.10404-cvtres.write.1.tlog
C:\Users\Sh\CG-Package\CG startup\CG tasks\CG tasks\Debug\link.11788.read.1.tlog
C:\Users\Sh\CG-Package\CG startup\CG tasks\CG tasks\Debug\link.11788.write.1.tlog
C:\Users\Sh\CG-Package\CG startup\CG tasks\CG tasks\Debug\link.11788-cvtres.read.1.tlog
C:\Users\Sh\CG-Package\CG startup\CG tasks\CG tasks\Debug\link.11788-cvtres.write.1.tlog
C:\Users\Sh\CG-Package\CG startup\CG tasks\CG tasks\Debug\link.1372.read.1.tlog
C:\Users\Sh\CG-Package\CG startup\CG tasks\CG tasks\Debug\link.1372.write.1.tlog
C:\Users\Sh\CG-Package\CG startup\CG tasks\CG tasks\Debug\link.1372-cvtres.read.1.tlog
C:\Users\Sh\CG-Package\CG startup\CG tasks\CG tasks\Debug\link.1372-cvtres.write.1.tlog
C:\Users\Sh\CG-Package\CG startup\CG tasks\CG tasks\Debug\link.14992.read.1.tlog
C:\Users\Sh\CG-Package\CG startup\CG tasks\CG tasks\Debug\link.14992.write.1.tlog
C:\Users\Sh\CG-Package\CG startup\CG tasks\CG tasks\Debug\link.14992-cvtres.read.1.tlog
C:\Users\Sh\CG-Package\CG startup\CG tasks\CG tasks\Debug\link.14992-cvtres.write.1.tlog
C:\Users\Sh\CG-Package\CG startup\CG tasks\CG tasks\Debug\link.15596.read.1.tlog
C:\Users\Sh\CG-Package\CG startup\CG tasks\CG tasks\Debug\link.15596.write.1.tlog
C:\Users\Sh\CG-Package\CG startup\CG tasks\CG tasks\Debug\link.15596-cvtres.read.1.tlog
C:\Users\Sh\CG-Package\CG startup\CG tasks\CG tasks\Debug\link.15596-cvtres.write.1.tlog
C:\Users\Sh\CG-Package\CG startup\CG tasks\CG tasks\Debug\link.17356.read.1.tlog
C:\Users\Sh\CG-Package\CG startup\CG tasks\CG tasks\Debug\link.17356.write.1.tlog
C:\Users\Sh\CG-Package\CG startup\CG tasks\CG tasks\Debug\link.17356-cvtres.read.1.tlog
C:\Users\Sh\CG-Package\CG startup\CG tasks\CG tasks\Debug\link.17356-cvtres.write.1.tlog
C:\Users\Sh\CG-Package\CG startup\CG tasks\CG tasks\Debug\link.18252.read.1.tlog
C:\Users\Sh\CG-Package\CG startup\CG tasks\CG tasks\Debug\link.18252.write.1.tlog
C:\Users\Sh\CG-Package\CG startup\CG tasks\CG tasks\Debug\link.18252-cvtres.read.1.tlog
C:\Users\Sh\CG-Package\CG startup\CG tasks\CG tasks\Debug\link.18252-cvtres.write.1.tlog
C:\Users\Sh\CG-Package\CG startup\CG tasks\CG tasks\Debug\link.2024.read.1.tlog
C:\Users\Sh\CG-Package\CG startup\CG tasks\CG tasks\Debug\link.2024.write.1.tlog
C:\Users\Sh\CG-Package\CG startup\CG tasks\CG tasks\Debug\link.2024-cvtres.read.1.tlog
C:\Users\Sh\CG-Package\CG startup\CG tasks\CG tasks\Debug\link.2024-cvtres.write.1.tlog
C:\Users\Sh\CG-Package\CG startup\CG tasks\CG tasks\Debug\link.3720.read.1.tlog
C:\Users\Sh\CG-Package\CG startup\CG tasks\CG tasks\Debug\link.3720.write.1.tlog
C:\Users\Sh\CG-Package\CG startup\CG tasks\CG tasks\Debug\link.3720-cvtres.read.1.tlog
C:\Users\Sh\CG-Package\CG startup\CG tasks\CG tasks\Debug\link.3720-cvtres.write.1.tlog
C:\Users\Sh\CG-Package\CG startup\CG tasks\CG tasks\Debug\link.6124.read.1.tlog
C:\Users\Sh\CG-Package\CG startup\CG tasks\CG tasks\Debug\link.6124.write.1.tlog
C:\Users\Sh\CG-Package\CG startup\CG tasks\CG tasks\Debug\link.6124-cvtres.read.1.tlog
C:\Users\Sh\CG-Package\CG startup\CG tasks\CG tasks\Debug\link.6124-cvtres.write.1.tlog
C:\Users\Sh\CG-Package\CG startup\CG tasks\CG tasks\Debug\link.6688.read.1.tlog
C:\Users\Sh\CG-Package\CG startup\CG tasks\CG tasks\Debug\link.6688.write.1.tlog
C:\Users\Sh\CG-Package\CG startup\CG tasks\CG tasks\Debug\link.6688-cvtres.read.1.tlog
C:\Users\Sh\CG-Package\CG startup\CG tasks\CG tasks\Debug\link.6688-cvtres.write.1.tlog
C:\Users\Sh\CG-Package\CG startup\CG tasks\CG tasks\Debug\link.8468.read.1.tlog
C:\Users\Sh\CG-Package\CG startup\CG tasks\CG tasks\Debug\link.8468.write.1.tlog
C:\Users\Sh\CG-Package\CG startup\CG tasks\CG tasks\Debug\link.8468-cvtres.read.1.tlog
C:\Users\Sh\CG-Package\CG startup\CG tasks\CG tasks\Debug\link.8468-cvtres.write.1.tlog
C:\Users\Sh\CG-Package\CG startup\CG tasks\CG tasks\Debug\link.8904.read.1.tlog
C:\Users\Sh\CG-Package\CG startup\CG tasks\CG tasks\Debug\link.8904.write.1.tlog
C:\Users\Sh\CG-Package\CG startup\CG tasks\CG tasks\Debug\link.8904-cvtres.read.1.tlog
C:\Users\Sh\CG-Package\CG startup\CG tasks\CG tasks\Debug\link.8904-cvtres.write.1.tlog
C:\Users\Sh\CG-Package\CG startup\CG tasks\CG tasks\Debug\link.9152.read.1.tlog
C:\Users\Sh\CG-Package\CG startup\CG tasks\CG tasks\Debug\link.9152.write.1.tlog
C:\Users\Sh\CG-Package\CG startup\CG tasks\CG tasks\Debug\link.9152-cvtres.read.1.tlog
C:\Users\Sh\CG-Package\CG startup\CG tasks\CG tasks\Debug\link.9152-cvtres.write.1.tlog
C:\Users\Sh\CG-Package\CG startup\CG tasks\CG tasks\Debug\link.9284.read.1.tlog
C:\Users\Sh\CG-Package\CG startup\CG tasks\CG tasks\Debug\link.9284.write.1.tlog
C:\Users\Sh\CG-Package\CG startup\CG tasks\CG tasks\Debug\link.9284-cvtres.read.1.tlog
C:\Users\Sh\CG-Package\CG startup\CG tasks\CG tasks\Debug\link.9284-cvtres.write.1.tlog
C:\Users\Sh\CG-Package\CG startup\CG tasks\CG tasks\Debug\link.9420.read.1.tlog
C:\Users\Sh\CG-Package\CG startup\CG tasks\CG tasks\Debug\link.9420.write.1.tlog
C:\Users\Sh\CG-Package\CG startup\CG tasks\CG tasks\Debug\link.9420-cvtres.read.1.tlog
C:\Users\Sh\CG-Package\CG startup\CG tasks\CG tasks\Debug\link.9420-cvtres.write.1.tlog
C:\Users\Sh\CG-Package\CG startup\CG tasks\CG tasks\Debug\link.9452.read.1.tlog
C:\Users\Sh\CG-Package\CG startup\CG tasks\CG tasks\Debug\link.9452.write.1.tlog
C:\Users\Sh\CG-Package\CG startup\CG tasks\CG tasks\Debug\link.9452-cvtres.read.1.tlog
C:\Users\Sh\CG-Package\CG startup\CG tasks\CG tasks\Debug\link.9452-cvtres.write.1.tlog
C:\Users\Sh\CG-Package\CG startup\CG tasks\CG tasks\Debug\link.command.1.tlog
C:\Users\Sh\CG-Package\CG startup\CG tasks\CG tasks\Debug\link.read.1.tlog
C:\Users\Sh\CG-Package\CG startup\CG tasks\CG tasks\Debug\link.write.1.tlog
C:\Users\Sh\CG-Package\CG startup\CG tasks\CG tasks\Debug\link-cvtres.read.1.tlog
C:\Users\Sh\CG-Package\CG startup\CG tasks\CG tasks\Debug\link-cvtres.write.1.tlog
C:\Users\Sh\CG-Package\CG startup\CG tasks\CG tasks\Debug\mt.command.1.tlog
C:\Users\Sh\CG-Package\CG startup\CG tasks\CG tasks\Debug\mt.read.1.tlog
C:\Users\Sh\CG-Package\CG startup\CG tasks\CG tasks\Debug\mt.write.1.tlog
C:\Users\Sh\CG-Package\CG startup\CG tasks\CG tasks\Debug\rc.command.1.tlog
C:\Users\Sh\CG-Package\CG startup\CG tasks\CG tasks\Debug\rc.read.1.tlog
C:\Users\Sh\CG-Package\CG startup\CG tasks\CG tasks\Debug\rc.write.1.tlog
C:\USERS\SH\CG-PACKAGE\CG STARTUP\CG TASKS\CG TASKS\DEBUG\UTILITIES.OBJ
C:\Users\Sh\CG-Package\CG startup\CG tasks\CG tasks\Debug\vc100.idb
C:\USERS\SH\CG-PACKAGE\CG STARTUP\CG TASKS\CG TASKS\DEBUG\VC100.PDB
C:\Users\Sh\CG-Package\CG startup\CG tasks\Debug\CG tasks.pdb
