Build started 4/5/2013 9:13:22 PM.
     1>Project "C:\Users\Sh\CG-Package\CG startup\CG tasks\CG tasks\CG tasks.vcxproj" on node 2 (build target(s)).
     1>PrepareForBuild:
         Creating directory "C:\Users\Sh\CG-Package\CG startup\CG tasks\Release\".
       InitializeBuildStatus:
         Creating "Release\CG tasks.unsuccessfulbuild" because "AlwaysCreate" was specified.
       ClCompile:
         C:\Program Files (x86)\Microsoft Visual Studio 10.0\VC\bin\CL.exe /c /Zi /nologo /W3 /WX- /O2 /Oi /Oy- /GL /D WIN32 /D NDEBUG /D _CONSOLE /D _UNICODE /D UNICODE /Gm- /EHsc /MD /GS /Gy /fp:precise /Zc:wchar_t /Zc:forScope /Fo"Release\\" /Fd"Release\vc100.pdb" /Gd /TP /analyze- /errorReport:prompt Algorithm.h driver.cpp Utilities.h
         Algorithm.h
     1>c:\users\sh\cg-package\cg startup\cg tasks\cg tasks\Utilities.h(28): warning C4244: 'return' : conversion from 'double' to 'float', possible loss of data
     1>c:\users\sh\cg-package\cg startup\cg tasks\cg tasks\Utilities.h(64): warning C4244: 'initializing' : conversion from 'double' to 'float', possible loss of data
     1>c:\users\sh\cg-package\cg startup\cg tasks\cg tasks\Utilities.h(65): warning C4244: 'return' : conversion from 'double' to 'float', possible loss of data
     1>c:\users\sh\cg-package\cg startup\cg tasks\cg tasks\Utilities.h(75): warning C4244: 'return' : conversion from 'double' to 'float', possible loss of data
     1>c:\users\sh\cg-package\cg startup\cg tasks\cg tasks\Utilities.h(77): warning C4244: 'return' : conversion from 'double' to 'float', possible loss of data
         driver.cpp
     1>c:\users\sh\cg-package\cg startup\cg tasks\cg tasks\Utilities.h(28): warning C4244: 'return' : conversion from 'double' to 'float', possible loss of data
     1>c:\users\sh\cg-package\cg startup\cg tasks\cg tasks\Utilities.h(64): warning C4244: 'initializing' : conversion from 'double' to 'float', possible loss of data
     1>c:\users\sh\cg-package\cg startup\cg tasks\cg tasks\Utilities.h(65): warning C4244: 'return' : conversion from 'double' to 'float', possible loss of data
     1>c:\users\sh\cg-package\cg startup\cg tasks\cg tasks\Utilities.h(75): warning C4244: 'return' : conversion from 'double' to 'float', possible loss of data
     1>c:\users\sh\cg-package\cg startup\cg tasks\cg tasks\Utilities.h(77): warning C4244: 'return' : conversion from 'double' to 'float', possible loss of data
     1>c:\users\sh\cg-package\cg startup\cg tasks\cg tasks\CH_GrahamHull.h(11): warning C4244: 'argument' : conversion from 'double' to 'float', possible loss of data
     1>c:\users\sh\cg-package\cg startup\cg tasks\cg tasks\CH_GrahamHull.h(11): warning C4244: 'argument' : conversion from 'double' to 'float', possible loss of data
     1>c:\users\sh\cg-package\cg startup\cg tasks\cg tasks\CH_Incremental.h(51): warning C4244: 'argument' : conversion from 'double' to 'float', possible loss of data
     1>c:\users\sh\cg-package\cg startup\cg tasks\cg tasks\CH_Incremental.h(51): warning C4244: 'argument' : conversion from 'double' to 'float', possible loss of data
     1>c:\users\sh\cg-package\cg startup\cg tasks\cg tasks\CH_DivideAndConquer.h(154): warning C4018: '<' : signed/unsigned mismatch
     1>c:\users\sh\cg-package\cg startup\cg tasks\cg tasks\CH_DivideAndConquer.h(155): warning C4018: '<' : signed/unsigned mismatch
     1>c:\users\sh\cg-package\cg startup\cg tasks\cg tasks\SL_BentleyOttman.h(283): warning C4018: '<' : signed/unsigned mismatch
     1>driver.cpp(57): warning C4996: 'sprintf': This function or variable may be unsafe. Consider using sprintf_s instead. To disable deprecation, use _CRT_SECURE_NO_WARNINGS. See online help for details.
                 C:\Program Files (x86)\Microsoft Visual Studio 10.0\VC\include\stdio.h(371) : see declaration of 'sprintf'
     1>driver.cpp(66): warning C4996: 'sprintf': This function or variable may be unsafe. Consider using sprintf_s instead. To disable deprecation, use _CRT_SECURE_NO_WARNINGS. See online help for details.
                 C:\Program Files (x86)\Microsoft Visual Studio 10.0\VC\include\stdio.h(371) : see declaration of 'sprintf'
     1>driver.cpp(114): error C2440: '=' : cannot convert from 'char [260]' to 'LPWSTR'
                 Types pointed to are unrelated; conversion requires reinterpret_cast, C-style cast or function-style cast
     1>driver.cpp(118): error C2440: '=' : cannot convert from 'const char [12]' to 'LPCWSTR'
                 Types pointed to are unrelated; conversion requires reinterpret_cast, C-style cast or function-style cast
     1>driver.cpp(129): warning C4390: ';' : empty controlled statement found; is this the intent?
     1>driver.cpp(129): error C2664: 'std::basic_string<_Elem,_Traits,_Ax>::basic_string(const std::basic_string<_Elem,_Traits,_Ax> &)' : cannot convert parameter 1 from 'LPWSTR' to 'const std::basic_string<_Elem,_Traits,_Ax> &'
                 with
                 [
                     _Elem=char,
                     _Traits=std::char_traits<char>,
                     _Ax=std::allocator<char>
                 ]
                 Reason: cannot convert from 'LPWSTR' to 'const std::basic_string<_Elem,_Traits,_Ax>'
                 with
                 [
                     _Elem=char,
                     _Traits=std::char_traits<char>,
                     _Ax=std::allocator<char>
                 ]
                 No constructor could take the source type, or constructor overload resolution was ambiguous
     1>driver.cpp(305): warning C4996: 'strcat': This function or variable may be unsafe. Consider using strcat_s instead. To disable deprecation, use _CRT_SECURE_NO_WARNINGS. See online help for details.
                 C:\Program Files (x86)\Microsoft Visual Studio 10.0\VC\include\string.h(110) : see declaration of 'strcat'
     1>driver.cpp(316): warning C4996: 'strcat': This function or variable may be unsafe. Consider using strcat_s instead. To disable deprecation, use _CRT_SECURE_NO_WARNINGS. See online help for details.
                 C:\Program Files (x86)\Microsoft Visual Studio 10.0\VC\include\string.h(110) : see declaration of 'strcat'
     1>driver.cpp(333): error C2664: 'GetModuleFileNameW' : cannot convert parameter 2 from 'char [260]' to 'LPWSTR'
                 Types pointed to are unrelated; conversion requires reinterpret_cast, C-style cast or function-style cast
     1>driver.cpp(337): warning C4996: 'strcat': This function or variable may be unsafe. Consider using strcat_s instead. To disable deprecation, use _CRT_SECURE_NO_WARNINGS. See online help for details.
                 C:\Program Files (x86)\Microsoft Visual Studio 10.0\VC\include\string.h(110) : see declaration of 'strcat'
     1>driver.cpp(339): error C2664: 'CreateDirectoryW' : cannot convert parameter 1 from 'char [260]' to 'LPCWSTR'
                 Types pointed to are unrelated; conversion requires reinterpret_cast, C-style cast or function-style cast
     1>driver.cpp(340): warning C4996: 'strcat': This function or variable may be unsafe. Consider using strcat_s instead. To disable deprecation, use _CRT_SECURE_NO_WARNINGS. See online help for details.
                 C:\Program Files (x86)\Microsoft Visual Studio 10.0\VC\include\string.h(110) : see declaration of 'strcat'
     1>driver.cpp(341): error C2664: 'CreateDirectoryW' : cannot convert parameter 1 from 'char [260]' to 'LPCWSTR'
                 Types pointed to are unrelated; conversion requires reinterpret_cast, C-style cast or function-style cast
     1>driver.cpp(357): error C2664: 'MessageBoxW' : cannot convert parameter 2 from 'char [10]' to 'LPCWSTR'
                 Types pointed to are unrelated; conversion requires reinterpret_cast, C-style cast or function-style cast
         Utilities.h
     1>Utilities.h(28): warning C4244: 'return' : conversion from 'double' to 'float', possible loss of data
     1>Utilities.h(64): warning C4244: 'initializing' : conversion from 'double' to 'float', possible loss of data
     1>Utilities.h(65): warning C4244: 'return' : conversion from 'double' to 'float', possible loss of data
     1>Utilities.h(75): warning C4244: 'return' : conversion from 'double' to 'float', possible loss of data
     1>Utilities.h(77): warning C4244: 'return' : conversion from 'double' to 'float', possible loss of data
     1>Done Building Project "C:\Users\Sh\CG-Package\CG startup\CG tasks\CG tasks\CG tasks.vcxproj" (build target(s)) -- FAILED.

Build FAILED.

Time Elapsed 00:00:03.04
